--------- beginning of main
--------- beginning of system
02-23 14:48:35.902 I/GeofenceReceiver(10949): 📡 Received geofence ENTER for 1 geofence(s)
02-23 14:48:35.910 I/GeofenceReceiver(10949): 🔔 Showing notification for zone=V3S Mall source=background
02-23 14:48:35.935 I/GeofenceReceiver(10949): ✅ Notification shown for zone=V3S Mall [BACKGROUND]
02-23 14:49:42.255 I/GeofenceReceiver(10949): 🔔 Showing notification for zone=V3S Mall source=poll
02-23 14:49:42.271 I/GeofenceReceiver(10949): ✅ Notification shown for zone=V3S Mall [POLL]
02-23 14:50:54.284 I/GeofenceReceiver(13764): 🔔 Showing notification for zone=V3S Mall source=poll
02-23 14:50:54.301 I/GeofenceReceiver(13764): ✅ Notification shown for zone=V3S Mall [POLL]
02-23 14:51:45.028 I/GeofenceReceiver(15542): 📡 Received geofence ENTER for 1 geofence(s)
02-23 14:51:45.054 I/GeofenceReceiver(15542): 🔔 Showing notification for zone=GTB Hospital source=background
02-23 14:51:45.076 I/GeofenceReceiver(15542): ✅ Notification shown for zone=GTB Hospital [BACKGROUND]
02-23 14:51:46.367 I/GeofenceReceiver(15542): 🔔 Showing notification for zone=home source=poll
02-23 14:51:46.389 I/GeofenceReceiver(15542): ✅ Notification shown for zone=home [POLL]
02-23 14:51:46.390 I/GeofenceReceiver(15542): 🔔 Showing notification for zone=Shahdara Metro Station source=poll
02-23 14:51:46.408 I/GeofenceReceiver(15542): ✅ Notification shown for zone=Shahdara Metro Station [POLL]
02-23 14:52:56.825 I/GeofenceReceiver(19205): 🔔 Showing notification for zone=home source=poll
02-23 14:52:56.846 I/GeofenceReceiver(19205): ✅ Notification shown for zone=home [POLL]
02-23 14:52:56.847 I/GeofenceReceiver(19205): 🔔 Showing notification for zone=Shahdara Metro Station source=poll
02-23 14:52:56.859 I/GeofenceReceiver(19205): ✅ Notification shown for zone=Shahdara Metro Station [POLL]
02-23 14:52:56.861 I/GeofenceReceiver(19205): 🔔 Showing notification for zone=GTB Hospital source=poll
02-23 14:52:56.872 I/GeofenceReceiver(19205): ✅ Notification shown for zone=GTB Hospital [POLL]
02-23 14:53:53.874 I/GeofenceReceiver(19205): 🔔 Showing notification for zone=home source=poll
02-23 14:53:53.890 I/GeofenceReceiver(19205): ✅ Notification shown for zone=home [POLL]
02-23 14:53:53.892 I/GeofenceReceiver(19205): 🔔 Showing notification for zone=Shahdara Metro Station source=poll
02-23 14:53:53.909 I/GeofenceReceiver(19205): ✅ Notification shown for zone=Shahdara Metro Station [POLL]
02-23 14:53:53.910 I/GeofenceReceiver(19205): 🔔 Showing notification for zone=GTB Hospital source=poll
02-23 14:53:53.924 I/GeofenceReceiver(19205): ✅ Notification shown for zone=GTB Hospital [POLL]
02-23 14:54:48.669 I/GeofenceReceiver(19205): 🔔 Showing notification for zone=home source=poll
02-23 14:54:48.679 I/GeofenceReceiver(19205): ✅ Notification shown for zone=home [POLL]
02-23 14:54:48.680 I/GeofenceReceiver(19205): 🔔 Showing notification for zone=GTB Hospital source=poll
02-23 14:54:48.693 I/GeofenceReceiver(19205): ✅ Notification shown for zone=GTB Hospital [POLL]
02-23 14:55:54.264 I/GeofenceReceiver(19205): 🔔 Showing notification for zone=home source=poll
02-23 14:55:54.286 I/GeofenceReceiver(19205): ✅ Notification shown for zone=home [POLL]
02-23 14:55:54.289 I/GeofenceReceiver(19205): 🔔 Showing notification for zone=GTB Hospital source=poll
02-23 14:55:54.312 I/GeofenceReceiver(19205): ✅ Notification shown for zone=GTB Hospital [POLL]
